16:50:55 **** Incremental Build of configuration Debug for project script ****
Info: Internal Builder is used for build
arm-atollic-eabi-g++ -c ..\src\VGA.cpp -mthumb -mcpu=cortex-m4 -std=gnu++98 -DSTM32F4XX -DSTM32F40XX -DUSE_STDPERIPH_DRIVER -DUSE_STM32F4_DISCOVERY -DHSE_VALUE=8000000 -I../src -I../Libraries/CMSIS/Include -I../Libraries/Device/STM32F4xx/Include -I../Libraries/STM32F4xx_StdPeriph_Driver/inc -I../Libraries/UB_VGA/inc -I../Utilities/STM32F4-Discovery -O0 -ffunction-sections -fdata-sections -fno-rtti -fno-exceptions -g -fstack-usage -Wall -fno-threadsafe-statics -specs=nano.specs -o src\VGA.o 
In file included from ..\src\VGA.cpp:9:0:
../src/VGA.h:15:14: warning: non-static data member initializers only available with -std=c++11 or -std=gnu++11
  int x_pos = 0;
              ^
../src/VGA.h:16:14: warning: non-static data member initializers only available with -std=c++11 or -std=gnu++11
  int y_pos = 0;
              ^
..\src\VGA.cpp: In member function 'int VGA::draw_line(int, int, int, int, int, int)':
..\src\VGA.cpp:27:6: warning: unused variable 'xy' [-Wunused-variable]
  int xy = dx/dy;
      ^~
..\src\VGA.cpp:30:6: warning: unused variable 'j' [-Wunused-variable]
  int j = 0;
      ^
..\src\VGA.cpp:38:1: warning: no return statement in function returning non-void [-Wreturn-type]
 }
 ^
arm-atollic-eabi-g++ -o script.elf Libraries\STM32F4xx_StdPeriph_Driver\src\misc.o Libraries\STM32F4xx_StdPeriph_Driver\src\stm32f4xx_adc.o Libraries\STM32F4xx_StdPeriph_Driver\src\stm32f4xx_can.o Libraries\STM32F4xx_StdPeriph_Driver\src\stm32f4xx_crc.o Libraries\STM32F4xx_StdPeriph_Driver\src\stm32f4xx_cryp.o Libraries\STM32F4xx_StdPeriph_Driver\src\stm32f4xx_cryp_aes.o Libraries\STM32F4xx_StdPeriph_Driver\src\stm32f4xx_cryp_des.o Libraries\STM32F4xx_StdPeriph_Driver\src\stm32f4xx_cryp_tdes.o Libraries\STM32F4xx_StdPeriph_Driver\src\stm32f4xx_dac.o Libraries\STM32F4xx_StdPeriph_Driver\src\stm32f4xx_dbgmcu.o Libraries\STM32F4xx_StdPeriph_Driver\src\stm32f4xx_dcmi.o Libraries\STM32F4xx_StdPeriph_Driver\src\stm32f4xx_dma.o Libraries\STM32F4xx_StdPeriph_Driver\src\stm32f4xx_exti.o Libraries\STM32F4xx_StdPeriph_Driver\src\stm32f4xx_flash.o Libraries\STM32F4xx_StdPeriph_Driver\src\stm32f4xx_fsmc.o Libraries\STM32F4xx_StdPeriph_Driver\src\stm32f4xx_gpio.o Libraries\STM32F4xx_StdPeriph_Driver\src\stm32f4xx_hash.o Libraries\STM32F4xx_StdPeriph_Driver\src\stm32f4xx_hash_md5.o Libraries\STM32F4xx_StdPeriph_Driver\src\stm32f4xx_hash_sha1.o Libraries\STM32F4xx_StdPeriph_Driver\src\stm32f4xx_i2c.o Libraries\STM32F4xx_StdPeriph_Driver\src\stm32f4xx_iwdg.o Libraries\STM32F4xx_StdPeriph_Driver\src\stm32f4xx_pwr.o Libraries\STM32F4xx_StdPeriph_Driver\src\stm32f4xx_rcc.o Libraries\STM32F4xx_StdPeriph_Driver\src\stm32f4xx_rng.o Libraries\STM32F4xx_StdPeriph_Driver\src\stm32f4xx_rtc.o Libraries\STM32F4xx_StdPeriph_Driver\src\stm32f4xx_sdio.o Libraries\STM32F4xx_StdPeriph_Driver\src\stm32f4xx_spi.o Libraries\STM32F4xx_StdPeriph_Driver\src\stm32f4xx_syscfg.o Libraries\STM32F4xx_StdPeriph_Driver\src\stm32f4xx_tim.o Libraries\STM32F4xx_StdPeriph_Driver\src\stm32f4xx_usart.o Libraries\STM32F4xx_StdPeriph_Driver\src\stm32f4xx_wwdg.o Libraries\UB_VGA\src\stm32_ub_vga_screen.o Utilities\STM32F4-Discovery\stm32f4_discovery.o Utilities\STM32F4-Discovery\stm32f4_discovery_audio_codec.o Utilities\STM32F4-Discovery\stm32f4_discovery_lis302dl.o src\VGA.o src\main.o src\startup_stm32f40xx.o src\stm32f4xx_it.o src\syscalls.o src\system_stm32f4xx.o src\tiny_printf.o -mthumb -mcpu=cortex-m4 -T../stm32f4_flash.ld -specs=nosys.specs -static -Wl,-cref,-u,Reset_Handler -Wl,-Map=script.map -Wl,--gc-sections -Wl,--defsym=malloc_getpagesize_P=0x1000 -Wl,--start-group -lc -lm -lstdc++ -lsupc++ -Wl,--end-group -specs=nano.specs 
src\main.o:(.bss.VGA+0x0): multiple definition of `VGA'
src\VGA.o:(.bss.VGA+0x0): first defined here
src\main.o:(.bss.VGA_RAM1+0x0): multiple definition of `VGA_RAM1'
src\VGA.o:(.bss.VGA_RAM1+0x0): first defined here
collect2.exe: error: ld returned 1 exit status

16:50:56 Build Finished (took 484ms)

